ssk-lf/build/outputs/logs/manifest-merger-debug-report.txt
-- Merging decision tree log ---
manifest
ADDED from src\main\AndroidManifest.xml:2:1-36:12
	package
		ADDED from src\main\AndroidManifest.xml:3:5-29
		INJECTED from src\main\AndroidManifest.xml
		INJECTED from src\main\AndroidManifest.xml
	android:versionName
		INJECTED from src\main\AndroidManifest.xml
		INJECTED from src\main\AndroidManifest.xml
	xmlns:android
		ADDED from src\main\AndroidManifest.xml:2:11-69
	android:versionCode
		INJECTED from src\main\AndroidManifest.xml
		INJECTED from src\main\AndroidManifest.xml
application
ADDED from src\main\AndroidManifest.xml:5:5-34:19
MERGED from [hxsn4:ssk_library:unspecified] AndroidManifest.xml:36:5-40:19
MERGED from [com.android.support:appcompat-v7:23.4.0] AndroidManifest.xml:25:5-20
MERGED from [com.android.support:animated-vector-drawable:23.4.0] AndroidManifest.xml:7:5-20
MERGED from [com.android.support:support-vector-drawable:23.4.0] AndroidManifest.xml:7:5-20
MERGED from [com.android.support:support-v4:23.4.0] AndroidManifest.xml:22:5-20
	android:label
		ADDED from src\main\AndroidManifest.xml:9:9-41
	android:supportsRtl
		ADDED from src\main\AndroidManifest.xml:10:9-35
	android:allowBackup
		ADDED from src\main\AndroidManifest.xml:7:9-35
	android:icon
		ADDED from src\main\AndroidManifest.xml:8:9-36
	android:theme
		ADDED from src\main\AndroidManifest.xml:11:9-56
	android:name
		ADDED from src\main\AndroidManifest.xml:6:9-37
activity#com.hxsn.ssklf.MainActivity
ADDED from src\main\AndroidManifest.xml:12:9-18:20
	android:name
		ADDED from src\main\AndroidManifest.xml:12:19-47
intent-filter#android.intent.action.MAIN+android.intent.category.LAUNCHER
ADDED from src\main\AndroidManifest.xml:13:13-17:29
action#android.intent.action.MAIN
ADDED from src\main\AndroidManifest.xml:14:17-69
	android:name
		ADDED from src\main\AndroidManifest.xml:14:25-66
category#android.intent.category.LAUNCHER
ADDED from src\main\AndroidManifest.xml:16:17-77
	android:name
		ADDED from src\main\AndroidManifest.xml:16:27-74
activity#com.hxsn.ssklf.activity.HomeActivity
ADDED from src\main\AndroidManifest.xml:19:9-59
	android:name
		ADDED from src\main\AndroidManifest.xml:19:19-56
activity#com.hxsn.ssklf.activity.AboutUsActivity
ADDED from src\main\AndroidManifest.xml:20:9-23:52
	android:screenOrientation
		ADDED from src\main\AndroidManifest.xml:23:13-49
	android:label
		ADDED from src\main\AndroidManifest.xml:22:13-60
	android:name
		ADDED from src\main\AndroidManifest.xml:21:13-53
activity#com.hxsn.ssklf.activity.NewsActivity
ADDED from src\main\AndroidManifest.xml:24:9-29:52
	android:screenOrientation
		ADDED from src\main\AndroidManifest.xml:29:13-49
	android:label
		ADDED from src\main\AndroidManifest.xml:27:13-56
	android:launchMode
		ADDED from src\main\AndroidManifest.xml:28:13-44
	android:exported
		ADDED from src\main\AndroidManifest.xml:26:13-36
	android:name
		ADDED from src\main\AndroidManifest.xml:25:13-50
activity#com.hxsn.ssklf.activity.SelectSiteActivity
ADDED from src\main\AndroidManifest.xml:30:9-32:66
	android:label
		ADDED from src\main\AndroidManifest.xml:32:13-63
	android:name
		ADDED from src\main\AndroidManifest.xml:31:13-56
activity#com.hxsn.ssklf.activity.RtChartsActivity
ADDED from src\main\AndroidManifest.xml:33:9-72
	android:name
		ADDED from src\main\AndroidManifest.xml:33:19-60
uses-sdk
INJECTED from src\main\AndroidManifest.xml reason: use-sdk injection requested
MERGED from [hxsn4:ssk_library:unspecified] AndroidManifest.xml:7:5-9:41
MERGED from [com.android.support:appcompat-v7:23.4.0] AndroidManifest.xml:21:5-23:78
MERGED from [com.android.support:animated-vector-drawable:23.4.0] AndroidManifest.xml:5:5-44
MERGED from [com.android.support:support-vector-drawable:23.4.0] AndroidManifest.xml:5:5-43
MERGED from [com.android.support:support-v4:23.4.0] AndroidManifest.xml:20:5-43
	tools:overrideLibrary
		ADDED from [com.android.support:appcompat-v7:23.4.0] AndroidManifest.xml:23:9-75
	android:targetSdkVersion
		INJECTED from src\main\AndroidManifest.xml
		INJECTED from src\main\AndroidManifest.xml
	android:minSdkVersion
		INJECTED from src\main\AndroidManifest.xml
		INJECTED from src\main\AndroidManifest.xml
uses-permission#android.permission.ACCESS_WIFI_STATE
ADDED from [hxsn4:ssk_library:unspecified] AndroidManifest.xml:11:5-76
	android:name
		ADDED from [hxsn4:ssk_library:unspecified] AndroidManifest.xml:11:22-73
uses-permission#android.permission.CALL_PHONE
ADDED from [hxsn4:ssk_library:unspecified] AndroidManifest.xml:12:5-69
	android:name
		ADDED from [hxsn4:ssk_library:unspecified] AndroidManifest.xml:12:22-66
uses-permission#android.permission.RECORD_AUDIO
ADDED from [hxsn4:ssk_library:unspecified] AndroidManifest.xml:13:5-71
	android:name
		ADDED from [hxsn4:ssk_library:unspecified] AndroidManifest.xml:13:22-68
uses-permission#android.permission.MODIFY_AUDIO_SETTINGS
ADDED from [hxsn4:ssk_library:unspecified] AndroidManifest.xml:14:5-80
	android:name
		ADDED from [hxsn4:ssk_library:unspecified] AndroidManifest.xml:14:22-77
uses-permission#android.permission.WRITE_EXTERNAL_STORAGE
ADDED from [hxsn4:ssk_library:unspecified] AndroidManifest.xml:15:5-81
	android:name
		ADDED from [hxsn4:ssk_library:unspecified] AndroidManifest.xml:15:22-78
uses-permission#android.permission.MOUNT_UNMOUNT_FILESYSTEMS
ADDED from [hxsn4:ssk_library:unspecified] AndroidManifest.xml:16:5-84
	android:name
		ADDED from [hxsn4:ssk_library:unspecified] AndroidManifest.xml:16:22-81
uses-permission#android.permission.INTERNET
ADDED from [hxsn4:ssk_library:unspecified] AndroidManifest.xml:19:5-67
	android:name
		ADDED from [hxsn4:ssk_library:unspecified] AndroidManifest.xml:19:22-64
uses-permission#android.permission.ACCESS_NETWORK_STATE
ADDED from [hxsn4:ssk_library:unspecified] AndroidManifest.xml:20:5-79
	android:name
		ADDED from [hxsn4:ssk_library:unspecified] AndroidManifest.xml:20:22-76
uses-permission#android.permission.CHANGE_WIFI_STATE
ADDED from [hxsn4:ssk_library:unspecified] AndroidManifest.xml:22:5-76
	android:name
		ADDED from [hxsn4:ssk_library:unspecified] AndroidManifest.xml:22:22-73
uses-permission#android.permission.READ_PHONE_STATE
ADDED from [hxsn4:ssk_library:unspecified] AndroidManifest.xml:25:5-75
	android:name
		ADDED from [hxsn4:ssk_library:unspecified] AndroidManifest.xml:25:22-72
uses-permission#android.permission.RECEIVE_BOOT_COMPLETED
ADDED from [hxsn4:ssk_library:unspecified] AndroidManifest.xml:26:5-81
	android:name
		ADDED from [hxsn4:ssk_library:unspecified] AndroidManifest.xml:26:22-78
uses-permission#android.permission.WRITE_SETTINGS
ADDED from [hxsn4:ssk_library:unspecified] AndroidManifest.xml:27:5-73
	android:name
		ADDED from [hxsn4:ssk_library:unspecified] AndroidManifest.xml:27:22-70
uses-permission#android.permission.VIBRATE
ADDED from [hxsn4:ssk_library:unspecified] AndroidManifest.xml:28:5-66
	android:name
		ADDED from [hxsn4:ssk_library:unspecified] AndroidManifest.xml:28:22-63
uses-permission#android.permission.DISABLE_KEYGUARD
ADDED from [hxsn4:ssk_library:unspecified] AndroidManifest.xml:30:5-75
	android:name
		ADDED from [hxsn4:ssk_library:unspecified] AndroidManifest.xml:30:22-72
uses-permission#android.permission.ACCESS_COARSE_LOCATION
ADDED from [hxsn4:ssk_library:unspecified] AndroidManifest.xml:31:5-81
	android:name
		ADDED from [hxsn4:ssk_library:unspecified] AndroidManifest.xml:31:22-78
uses-permission#android.permission.ACCESS_DOWNLOAD_MANAGER
ADDED from [hxsn4:ssk_library:unspecified] AndroidManifest.xml:32:5-82
	android:name
		ADDED from [hxsn4:ssk_library:unspecified] AndroidManifest.xml:32:22-79
uses-permission#android.permission.DOWNLOAD_WITHOUT_NOTIFICATION
ADDED from [hxsn4:ssk_library:unspecified] AndroidManifest.xml:33:5-88
	android:name
		ADDED from [hxsn4:ssk_library:unspecified] AndroidManifest.xml:33:22-85
uses-permission#android.permission.EXPAND_STATUS_BAR
ADDED from [hxsn4:ssk_library:unspecified] AndroidManifest.xml:34:5-76
	android:name
		ADDED from [hxsn4:ssk_library:unspecified] AndroidManifest.xml:34:22-73
android:uses-permission#android.permission.READ_EXTERNAL_STORAGE
IMPLIED from src\main\AndroidManifest.xml:2:1-36:12 reason: hxsn.com.library requested WRITE_EXTERNAL_STORAGE